TN:
SF:src/libs/fetch-options.ts
FNF:0
FNH:0
DA:1,1
DA:2,1
DA:3,1
DA:4,1
DA:5,1
DA:6,1
DA:7,1
DA:8,1
LF:8
LH:8
BRF:0
BRH:0
end_of_record
TN:
SF:src/libs/get-action-ids.ts
FN:5,getActionIds
FNF:1
FNH:1
FNDA:2,getActionIds
DA:1,1
DA:2,1
DA:3,1
DA:4,1
DA:5,2
DA:6,2
DA:7,2
DA:8,2
DA:9,2
DA:10,2
DA:11,2
DA:12,2
DA:13,0
DA:14,0
DA:15,0
DA:16,1
DA:17,1
DA:18,1
DA:19,1
DA:20,1
DA:21,2
LF:21
LH:18
BRDA:5,0,0,2
BRDA:12,1,0,1
BRDA:12,2,0,0
BRDA:16,3,0,1
BRF:4
BRH:3
end_of_record
TN:
SF:src/libs/utils.ts
FN:14,processResponse
FNF:1
FNH:1
FNDA:2,processResponse
DA:1,1
DA:2,1
DA:3,1
DA:4,1
DA:5,1
DA:6,1
DA:7,1
DA:8,1
DA:9,1
DA:10,1
DA:11,1
DA:12,1
DA:13,1
DA:14,2
DA:15,2
DA:16,2
DA:17,1
DA:18,1
DA:19,1
DA:20,1
LF:20
LH:20
BRDA:14,0,0,2
BRDA:16,1,0,1
BRF:2
BRH:2
end_of_record
